Build started 26/11/2011 17:44:15.
     1>Project "D:\My Documents\Academit Learning\Year 2\Simester A\C++\HW\Ex2\Ex2\Ex2.vcxproj" on node 2 (build target(s)).
     1>InitializeBuildStatus:
         Creating "Debug\Ex2.unsuccessfulbuild" because "AlwaysCreate" was specified.
       ClCompile:
         c:\Program Files (x86)\Microsoft Visual Studio 10.0\VC\bin\CL.exe /c /ZI /nologo /W3 /WX- /Od /Oy- /D WIN32 /D _DEBUG /D _CONSOLE /D _UNICODE /D UNICODE /Gm /EHsc /RTC1 /MDd /GS /fp:precise /Zc:wchar_t /Zc:forScope /Fo"Debug\\" /Fd"Debug\vc100.pdb" /Gd /TP /analyze- /errorReport:prompt ..\RectApp.cpp
         RectApp.cpp
       ManifestResourceCompile:
         All outputs are up-to-date.
       Link:
         c:\Program Files (x86)\Microsoft Visual Studio 10.0\VC\bin\link.exe /ERRORREPORT:PROMPT /OUT:"D:\My Documents\Academit Learning\Year 2\Simester A\C++\HW\Ex2\Debug\Ex2.exe" /INCREMENTAL /NOLOGO kernel32.lib user32.lib gdi32.lib winspool.lib comdlg32.lib advapi32.lib shell32.lib ole32.lib oleaut32.lib uuid.lib odbc32.lib odbccp32.lib /MANIFEST /ManifestFile:"Debug\Ex2.exe.intermediate.manifest" /MANIFESTUAC:"level='asInvoker' uiAccess='false'" /DEBUG /PDB:"D:\My Documents\Academit Learning\Year 2\Simester A\C++\HW\Ex2\Debug\Ex2.pdb" /SUBSYSTEM:CONSOLE /TLBID:1 /DYNAMICBASE /NXCOMPAT /IMPLIB:"D:\My Documents\Academit Learning\Year 2\Simester A\C++\HW\Ex2\Debug\Ex2.lib" /MACHINE:X86 Debug\Ex2.exe.embed.manifest.res
         Debug\Gotoxy.obj
         Debug\Main.obj
         Debug\Menu.obj
         Debug\Point.obj
         Debug\Rect.obj
         Debug\RectApp.obj
         Debug\RectCont.obj
       Manifest:
         C:\Program Files (x86)\Microsoft SDKs\Windows\v7.0A\bin\mt.exe /nologo /verbose /out:"Debug\Ex2.exe.embed.manifest" /manifest Debug\Ex2.exe.intermediate.manifest
         All outputs are up-to-date.
       LinkEmbedManifest:
         All outputs are up-to-date.
         Ex2.vcxproj -> D:\My Documents\Academit Learning\Year 2\Simester A\C++\HW\Ex2\Debug\Ex2.exe
       FinalizeBuildStatus:
         Deleting file "Debug\Ex2.unsuccessfulbuild".
         Touching "Debug\Ex2.lastbuildstate".
     1>Done Building Project "D:\My Documents\Academit Learning\Year 2\Simester A\C++\HW\Ex2\Ex2\Ex2.vcxproj" (build target(s)).

Build succeeded.

Time Elapsed 00:00:02.90
